#-----------------------------------------------------------
# Vivado v2020.2 (64-bit)
# SW Build 3064766 on Wed Nov 18 09:12:45 MST 2020
# IP Build 3064653 on Wed Nov 18 14:17:31 MST 2020
# Start of session at: Sun Mar 10 12:48:50 2024
# Process ID: 2940
# Current directory: C:/Users/Ngkar/project_2
# Command line: vivado.exe -gui_launcher_event rodinguilauncherevent7724 C:\Users\Ngkar\project_2\project_2.xpr
# Log file: C:/Users/Ngkar/project_2/vivado.log
# Journal file: C:/Users/Ngkar/project_2\vivado.jou
#-----------------------------------------------------------
start_gui
open_project C:/Users/Ngkar/project_2/project_2.xpr
WARNING: [filemgmt 56-3] Default IP Output Path : Could not find the directory 'C:/Users/Ngkar/project_2/project_2.gen/sources_1'.
Scanning sources...
Finished scanning sources
INFO: [IP_Flow 19-234] Refreshing IP repositories
INFO: [IP_Flow 19-1704] No user IP repositories specified
INFO: [IP_Flow 19-2313] Loaded Vivado IP repository 'D:/vivado2020.2/Vivado/2020.2/data/ip'.
open_project: Time (s): cpu = 00:00:05 ; elapsed = 00:00:08 . Memory (MB): peak = 1180.164 ; gain = 0.000
update_compile_order -fileset sources_1
exit
INFO: [Common 17-206] Exiting Vivado at Sun Mar 10 12:49:22 2024...
